<?xml version="1.0" encoding="UTF-8"?>
<!-- Generated by org.testng.reporters.JUnitReportReporter -->
<testsuite hostname="DESKTOP-M34S856" failures="0" tests="2" name="dragAndDropSliders.DragAndDropSlidersClass" time="52.744" errors="0" timestamp="2024-05-28T18:23:20 IST" skipped="0">
  <testcase classname="dragAndDropSliders.DragAndDropSlidersClass" name="TestScenario2" time="13.239"/>
  <system-out/>
  <testcase classname="dragAndDropSliders.DragAndDropSlidersClass" name="TestScenario2" time="39.505"/>
  <system-out/>
</testsuite> <!-- dragAndDropSliders.DragAndDropSlidersClass -->
