<?xml version="1.0" encoding="UTF-8"?>
<!-- Generated by org.testng.reporters.JUnitReportReporter -->
<testsuite hostname="DESKTOP-M34S856" failures="0" tests="2" name="simpleFormDemo.SimpleFormDemoclass" time="84.068" errors="0" timestamp="2024-05-28T18:23:20 IST" skipped="0">
  <testcase classname="simpleFormDemo.SimpleFormDemoclass" name="TestScenario1" time="41.021"/>
  <system-out/>
  <testcase classname="simpleFormDemo.SimpleFormDemoclass" name="TestScenario1" time="43.047"/>
  <system-out/>
</testsuite> <!-- simpleFormDemo.SimpleFormDemoclass -->
