<?xml version="1.0" encoding="UTF-8"?>
<!-- Generated by org.testng.reporters.JUnitReportReporter -->
<testsuite hostname="DESKTOP-M34S856" failures="0" tests="2" name="inputFormSubmit.InputFormSubmitClass" time="64.896" errors="0" timestamp="2024-05-28T18:23:20 IST" skipped="0">
  <testcase classname="inputFormSubmit.InputFormSubmitClass" name="TestScenario3" time="32.543"/>
  <system-out/>
  <testcase classname="inputFormSubmit.InputFormSubmitClass" name="TestScenario3" time="32.353"/>
  <system-out/>
</testsuite> <!-- inputFormSubmit.InputFormSubmitClass -->
